<?xml version="1.0" encoding="UTF-8"?>
<testng-results skipped="0" failed="2" ignored="0" total="3" passed="1">
  <reporter-output>
  </reporter-output>
  <suite name="Suite" duration-ms="160510" started-at="2022-12-20T17:06:43 IST" finished-at="2022-12-20T17:09:24 IST">
    <groups>
      <group name="cucumber">
        <method signature="AbstractTestNGCucumberTests.runScenario(io.cucumber.testng.PickleWrapper,io.cucumber.testng.FeatureWrapper)[pri:0, instance:testRunner.TestRunner@2f490758]" name="runScenario" class="io.cucumber.testng.AbstractTestNGCucumberTests"/>
      </group> <!-- cucumber -->
    </groups>
    <test name="Test" duration-ms="160510" started-at="2022-12-20T17:06:43 IST" finished-at="2022-12-20T17:09:24 IST">
      <class name="testRunner.TestRunner">
        <test-method status="PASS" signature="setUpClass(org.testng.ITestContext)[pri:0, instance:testRunner.TestRunner@2f490758]" name="setUpClass" is-config="true" duration-ms="1131" started-at="2022-12-20T17:06:43 IST" finished-at="2022-12-20T17:06:44 IST">
          <params>
            <param index="0">
              <value>
                <![CDATA[org.testng.TestRunner@65753040]]>
              </value>
            </param>
          </params>
          <reporter-output>
          </reporter-output>
        </test-method> <!-- setUpClass -->
        <test-method status="PASS" signature="runScenario(io.cucumber.testng.PickleWrapper,io.cucumber.testng.FeatureWrapper)[pri:0, instance:testRunner.TestRunner@2f490758]" name="runScenario" duration-ms="65867" started-at="2022-12-20T17:06:44 IST" description="Runs Cucumber Scenarios" data-provider="scenarios" finished-at="2022-12-20T17:07:50 IST">
          <params>
            <param index="0">
              <value>
                <![CDATA["Login Withe Valid Crediential"]]>
              </value>
            </param>
            <param index="1">
              <value>
                <![CDATA["FaceBook Login Check with different Crediential"]]>
              </value>
            </param>
          </params>
          <reporter-output>
          </reporter-output>
        </test-method> <!-- runScenario -->
        <test-method status="FAIL" signature="runScenario(io.cucumber.testng.PickleWrapper,io.cucumber.testng.FeatureWrapper)[pri:0, instance:testRunner.TestRunner@2f490758]" name="runScenario" duration-ms="61" started-at="2022-12-20T17:07:50 IST" description="Runs Cucumber Scenarios" data-provider="scenarios" finished-at="2022-12-20T17:07:50 IST">
          <params>
            <param index="0">
              <value>
                <![CDATA["User Should able to Use Search attribute"]]>
              </value>
            </param>
            <param index="1">
              <value>
                <![CDATA["FaceBook Login Check with different Crediential"]]>
              </value>
            </param>
          </params>
          <exception class="java.lang.NullPointerException">
            <full-stacktrace>
              <![CDATA[java.lang.NullPointerException
at stepDefination.StepForAsseration.user_open_the_url(StepForAsseration.java:90)
at ✽.User Open the Url "https://www.flipkart.com/"(file:///C:/Users/BusinessComputers.in/eclipse-workspaceSADA/Cucumber_Flipkart_project/./Feature/FbAsserationCheck.feature:5)
]]>
            </full-stacktrace>
          </exception> <!-- java.lang.NullPointerException -->
          <reporter-output>
          </reporter-output>
        </test-method> <!-- runScenario -->
        <test-method status="FAIL" signature="runScenario(io.cucumber.testng.PickleWrapper,io.cucumber.testng.FeatureWrapper)[pri:0, instance:testRunner.TestRunner@2f490758]" name="runScenario" duration-ms="93243" started-at="2022-12-20T17:07:50 IST" description="Runs Cucumber Scenarios" data-provider="scenarios" finished-at="2022-12-20T17:09:24 IST">
          <params>
            <param index="0">
              <value>
                <![CDATA["Login flipkart with Different Crediential"]]>
              </value>
            </param>
            <param index="1">
              <value>
                <![CDATA["Flipkart Login Page"]]>
              </value>
            </param>
          </params>
          <exception class="org.openqa.selenium.NoSuchElementException">
            <message>
              <![CDATA[no such element: Unable to locate element: {"method":"xpath","selector":"(//input[@type='text'])[2]"}
  (Session info: chrome=108.0.5359.125)
For documentation on this error, please visit: https://selenium.dev/exceptions/#no_such_element
Build info: version: '4.2.1', revision: 'ac4d0fdd4a'
System info: host: 'DESKTOP-JT3JUAH', ip: '192.168.0.198', os.name: 'Windows 10', os.arch: 'amd64', os.version: '10.0', java.version: '1.8.0_333'
Driver info: org.openqa.selenium.chrome.ChromeDriver
Command: [81f516158ccd29fc45f43eb15a8cda7c, findElement {using=xpath, value=(//input[@type='text'])[2]}]
Capabilities {acceptInsecureCerts: false, browserName: chrome, browserVersion: 108.0.5359.125, chrome: {chromedriverVersion: 107.0.5304.62 (1eec40d3a576..., userDataDir: C:\Users\BUSINE~1.IN\AppDat...}, goog:chromeOptions: {debuggerAddress: localhost:63027}, networkConnectionEnabled: false, pageLoadStrategy: normal, platformName: WINDOWS, proxy: Proxy(), se:cdp: ws://localhost:63027/devtoo..., se:cdpVersion: 108.0.5359.125, setWindowRect: true, strictFileInteractability: false, timeouts: {implicit: 0, pageLoad: 300000, script: 30000}, unhandledPromptBehavior: dismiss and notify, webauthn:extension:credBlob: true, webauthn:extension:largeBlob: true, webauthn:virtualAuthenticators: true}
Session ID: 81f516158ccd29fc45f43eb15a8cda7c]]>
            </message>
            <full-stacktrace>
              <![CDATA[org.openqa.selenium.NoSuchElementException: no such element: Unable to locate element: {"method":"xpath","selector":"(//input[@type='text'])[2]"}
  (Session info: chrome=108.0.5359.125)
For documentation on this error, please visit: https://selenium.dev/exceptions/#no_such_element
Build info: version: '4.2.1', revision: 'ac4d0fdd4a'
System info: host: 'DESKTOP-JT3JUAH', ip: '192.168.0.198', os.name: 'Windows 10', os.arch: 'amd64', os.version: '10.0', java.version: '1.8.0_333'
Driver info: org.openqa.selenium.chrome.ChromeDriver
Command: [81f516158ccd29fc45f43eb15a8cda7c, findElement {using=xpath, value=(//input[@type='text'])[2]}]
Capabilities {acceptInsecureCerts: false, browserName: chrome, browserVersion: 108.0.5359.125, chrome: {chromedriverVersion: 107.0.5304.62 (1eec40d3a576..., userDataDir: C:\Users\BUSINE~1.IN\AppDat...}, goog:chromeOptions: {debuggerAddress: localhost:63027}, networkConnectionEnabled: false, pageLoadStrategy: normal, platformName: WINDOWS, proxy: Proxy(), se:cdp: ws://localhost:63027/devtoo..., se:cdpVersion: 108.0.5359.125, setWindowRect: true, strictFileInteractability: false, timeouts: {implicit: 0, pageLoad: 300000, script: 30000}, unhandledPromptBehavior: dismiss and notify, webauthn:extension:credBlob: true, webauthn:extension:largeBlob: true, webauthn:virtualAuthenticators: true}
Session ID: 81f516158ccd29fc45f43eb15a8cda7c
at sun.reflect.NativeConstructorAccessorImpl.newInstance0(Native Method)
at sun.reflect.NativeConstructorAccessorImpl.newInstance(Unknown Source)
at sun.reflect.DelegatingConstructorAccessorImpl.newInstance(Unknown Source)
at java.lang.reflect.Constructor.newInstance(Unknown Source)
at org.openqa.selenium.remote.codec.w3c.W3CHttpResponseCodec.createException(W3CHttpResponseCodec.java:200)
at org.openqa.selenium.remote.codec.w3c.W3CHttpResponseCodec.decode(W3CHttpResponseCodec.java:133)
at org.openqa.selenium.remote.codec.w3c.W3CHttpResponseCodec.decode(W3CHttpResponseCodec.java:53)
at org.openqa.selenium.remote.HttpCommandExecutor.execute(HttpCommandExecutor.java:184)
at org.openqa.selenium.remote.service.DriverCommandExecutor.invokeExecute(DriverCommandExecutor.java:167)
at org.openqa.selenium.remote.service.DriverCommandExecutor.execute(DriverCommandExecutor.java:142)
at org.openqa.selenium.remote.RemoteWebDriver.execute(RemoteWebDriver.java:551)
at org.openqa.selenium.remote.ElementLocation$ElementFinder$2.findElement(ElementLocation.java:162)
at org.openqa.selenium.remote.ElementLocation.findElement(ElementLocation.java:60)
at org.openqa.selenium.remote.RemoteWebDriver.findElement(RemoteWebDriver.java:369)
at org.openqa.selenium.remote.RemoteWebDriver.findElement(RemoteWebDriver.java:361)
at org.openqa.selenium.support.pagefactory.DefaultElementLocator.findElement(DefaultElementLocator.java:70)
at org.openqa.selenium.support.pagefactory.internal.LocatingElementHandler.invoke(LocatingElementHandler.java:39)
at com.sun.proxy.$Proxy26.sendKeys(Unknown Source)
at pageObject.PageObject_LoginPage.emailText(PageObject_LoginPage.java:48)
at stepDefination.StepDefination1.user_enter_email_as_and_enter_password_as(StepDefination1.java:34)
at ✽.User Enter email as "sadaharlogin@gmail.com" and enter Password as "sadahar047"(file:///C:/Users/BusinessComputers.in/eclipse-workspaceSADA/Cucumber_Flipkart_project/./Feature/FeatureFileForLoginPage.feature:6)
]]>
            </full-stacktrace>
          </exception> <!-- org.openqa.selenium.NoSuchElementException -->
          <reporter-output>
          </reporter-output>
        </test-method> <!-- runScenario -->
        <test-method status="PASS" signature="tearDownClass()[pri:0, instance:testRunner.TestRunner@2f490758]" name="tearDownClass" is-config="true" duration-ms="130" started-at="2022-12-20T17:09:24 IST" finished-at="2022-12-20T17:09:24 IST">
          <reporter-output>
          </reporter-output>
        </test-method> <!-- tearDownClass -->
      </class> <!-- testRunner.TestRunner -->
    </test> <!-- Test -->
  </suite> <!-- Suite -->
</testng-results>
